<?xml version="1.0" encoding="UTF-8"?>
<testng-results ignored="0" total="6" passed="6" failed="0" skipped="0">
  <reporter-output>
  </reporter-output>
  <suite started-at="2026-04-14T14:48:49 IST" name="Parallel Cross Browser Suite" finished-at="2026-04-14T14:49:31 IST" duration-ms="41876">
    <groups>
      <group name="cucumber">
        <method signature="AbstractTestNGCucumberTests.runScenario(io.cucumber.testng.PickleWrapper,io.cucumber.testng.FeatureWrapper)[pri:0, instance:TestRunner.Runner@5656be13]" name="runScenario" class="io.cucumber.testng.AbstractTestNGCucumberTests"/>
        <method signature="AbstractTestNGCucumberTests.runScenario(io.cucumber.testng.PickleWrapper,io.cucumber.testng.FeatureWrapper)[pri:0, instance:TestRunner.Runner@1165b38]" name="runScenario" class="io.cucumber.testng.AbstractTestNGCucumberTests"/>
        <method signature="AbstractTestNGCucumberTests.runScenario(io.cucumber.testng.PickleWrapper,io.cucumber.testng.FeatureWrapper)[pri:0, instance:TestRunner.Runner@7586beff]" name="runScenario" class="io.cucumber.testng.AbstractTestNGCucumberTests"/>
      </group> <!-- cucumber -->
    </groups>
    <test started-at="2026-04-14T14:48:49 IST" name="EdgeTest" finished-at="2026-04-14T14:49:22 IST" duration-ms="33659">
      <class name="TestRunner.Runner">
        <test-method is-config="true" signature="setup(java.lang.String)[pri:0, instance:TestRunner.Runner@7586beff]" started-at="2026-04-14T14:48:49 IST" name="setup" finished-at="2026-04-14T14:48:49 IST" duration-ms="18" status="PASS">
          <params>
            <param index="0">
              <value>
                <![CDATA[edge]]>
              </value>
            </param>
          </params>
          <reporter-output>
          </reporter-output>
        </test-method> <!-- setup -->
        <test-method is-config="true" signature="setUpClass(org.testng.ITestContext)[pri:0, instance:TestRunner.Runner@7586beff]" started-at="2026-04-14T14:48:49 IST" name="setUpClass" finished-at="2026-04-14T14:48:49 IST" duration-ms="607" status="PASS">
          <params>
            <param index="0">
              <value>
                <![CDATA[org.testng.TestRunner@687e99d8]]>
              </value>
            </param>
          </params>
          <reporter-output>
          </reporter-output>
        </test-method> <!-- setUpClass -->
        <test-method signature="runScenario(io.cucumber.testng.PickleWrapper,io.cucumber.testng.FeatureWrapper)[pri:0, instance:TestRunner.Runner@7586beff]" started-at="2026-04-14T14:48:49 IST" name="runScenario" description="Runs Cucumber Scenarios" data-provider="scenarios" finished-at="2026-04-14T14:49:05 IST" duration-ms="15970" status="PASS">
          <params>
            <param index="0">
              <value>
                <![CDATA["#1 User Login to the application"]]>
              </value>
            </param>
            <param index="1">
              <value>
                <![CDATA["Login"]]>
              </value>
            </param>
          </params>
          <reporter-output>
          </reporter-output>
        </test-method> <!-- runScenario -->
        <test-method signature="runScenario(io.cucumber.testng.PickleWrapper,io.cucumber.testng.FeatureWrapper)[pri:0, instance:TestRunner.Runner@7586beff]" started-at="2026-04-14T14:49:05 IST" name="runScenario" description="Runs Cucumber Scenarios" data-provider="scenarios" finished-at="2026-04-14T14:49:20 IST" duration-ms="14610" status="PASS">
          <params>
            <param index="0">
              <value>
                <![CDATA["#2 This is second scenario"]]>
              </value>
            </param>
            <param index="1">
              <value>
                <![CDATA["Login"]]>
              </value>
            </param>
          </params>
          <reporter-output>
          </reporter-output>
        </test-method> <!-- runScenario -->
        <test-method is-config="true" signature="tearDownClass()[pri:0, instance:TestRunner.Runner@7586beff]" started-at="2026-04-14T14:49:20 IST" name="tearDownClass" finished-at="2026-04-14T14:49:22 IST" duration-ms="2417" status="PASS">
          <reporter-output>
          </reporter-output>
        </test-method> <!-- tearDownClass -->
      </class> <!-- TestRunner.Runner -->
    </test> <!-- EdgeTest -->
    <test started-at="2026-04-14T14:48:49 IST" name="ChromeTest" finished-at="2026-04-14T14:49:23 IST" duration-ms="33935">
      <class name="TestRunner.Runner">
        <test-method is-config="true" signature="setup(java.lang.String)[pri:0, instance:TestRunner.Runner@5656be13]" started-at="2026-04-14T14:48:49 IST" name="setup" finished-at="2026-04-14T14:48:49 IST" duration-ms="18" status="PASS">
          <params>
            <param index="0">
              <value>
                <![CDATA[chrome]]>
              </value>
            </param>
          </params>
          <reporter-output>
          </reporter-output>
        </test-method> <!-- setup -->
        <test-method is-config="true" signature="setUpClass(org.testng.ITestContext)[pri:0, instance:TestRunner.Runner@5656be13]" started-at="2026-04-14T14:48:49 IST" name="setUpClass" finished-at="2026-04-14T14:48:49 IST" duration-ms="608" status="PASS">
          <params>
            <param index="0">
              <value>
                <![CDATA[org.testng.TestRunner@5c671d7f]]>
              </value>
            </param>
          </params>
          <reporter-output>
          </reporter-output>
        </test-method> <!-- setUpClass -->
        <test-method signature="runScenario(io.cucumber.testng.PickleWrapper,io.cucumber.testng.FeatureWrapper)[pri:0, instance:TestRunner.Runner@5656be13]" started-at="2026-04-14T14:48:49 IST" name="runScenario" description="Runs Cucumber Scenarios" data-provider="scenarios" finished-at="2026-04-14T14:49:05 IST" duration-ms="15025" status="PASS">
          <params>
            <param index="0">
              <value>
                <![CDATA["#1 User Login to the application"]]>
              </value>
            </param>
            <param index="1">
              <value>
                <![CDATA["Login"]]>
              </value>
            </param>
          </params>
          <reporter-output>
          </reporter-output>
        </test-method> <!-- runScenario -->
        <test-method signature="runScenario(io.cucumber.testng.PickleWrapper,io.cucumber.testng.FeatureWrapper)[pri:0, instance:TestRunner.Runner@5656be13]" started-at="2026-04-14T14:49:05 IST" name="runScenario" description="Runs Cucumber Scenarios" data-provider="scenarios" finished-at="2026-04-14T14:49:21 IST" duration-ms="16553" status="PASS">
          <params>
            <param index="0">
              <value>
                <![CDATA["#2 This is second scenario"]]>
              </value>
            </param>
            <param index="1">
              <value>
                <![CDATA["Login"]]>
              </value>
            </param>
          </params>
          <reporter-output>
          </reporter-output>
        </test-method> <!-- runScenario -->
        <test-method is-config="true" signature="tearDownClass()[pri:0, instance:TestRunner.Runner@5656be13]" started-at="2026-04-14T14:49:21 IST" name="tearDownClass" finished-at="2026-04-14T14:49:23 IST" duration-ms="1694" status="PASS">
          <reporter-output>
          </reporter-output>
        </test-method> <!-- tearDownClass -->
      </class> <!-- TestRunner.Runner -->
    </test> <!-- ChromeTest -->
    <test started-at="2026-04-14T14:48:49 IST" name="FirefoxTest" finished-at="2026-04-14T14:49:31 IST" duration-ms="41876">
      <class name="TestRunner.Runner">
        <test-method is-config="true" signature="setup(java.lang.String)[pri:0, instance:TestRunner.Runner@1165b38]" started-at="2026-04-14T14:48:49 IST" name="setup" finished-at="2026-04-14T14:48:49 IST" duration-ms="18" status="PASS">
          <params>
            <param index="0">
              <value>
                <![CDATA[firefox]]>
              </value>
            </param>
          </params>
          <reporter-output>
          </reporter-output>
        </test-method> <!-- setup -->
        <test-method is-config="true" signature="setUpClass(org.testng.ITestContext)[pri:0, instance:TestRunner.Runner@1165b38]" started-at="2026-04-14T14:48:49 IST" name="setUpClass" finished-at="2026-04-14T14:48:49 IST" duration-ms="608" status="PASS">
          <params>
            <param index="0">
              <value>
                <![CDATA[org.testng.TestRunner@757277dc]]>
              </value>
            </param>
          </params>
          <reporter-output>
          </reporter-output>
        </test-method> <!-- setUpClass -->
        <test-method signature="runScenario(io.cucumber.testng.PickleWrapper,io.cucumber.testng.FeatureWrapper)[pri:0, instance:TestRunner.Runner@1165b38]" started-at="2026-04-14T14:48:49 IST" name="runScenario" description="Runs Cucumber Scenarios" data-provider="scenarios" finished-at="2026-04-14T14:49:15 IST" duration-ms="25479" status="PASS">
          <params>
            <param index="0">
              <value>
                <![CDATA["#1 User Login to the application"]]>
              </value>
            </param>
            <param index="1">
              <value>
                <![CDATA["Login"]]>
              </value>
            </param>
          </params>
          <reporter-output>
          </reporter-output>
        </test-method> <!-- runScenario -->
        <test-method signature="runScenario(io.cucumber.testng.PickleWrapper,io.cucumber.testng.FeatureWrapper)[pri:0, instance:TestRunner.Runner@1165b38]" started-at="2026-04-14T14:49:15 IST" name="runScenario" description="Runs Cucumber Scenarios" data-provider="scenarios" finished-at="2026-04-14T14:49:29 IST" duration-ms="14059" status="PASS">
          <params>
            <param index="0">
              <value>
                <![CDATA["#2 This is second scenario"]]>
              </value>
            </param>
            <param index="1">
              <value>
                <![CDATA["Login"]]>
              </value>
            </param>
          </params>
          <reporter-output>
          </reporter-output>
        </test-method> <!-- runScenario -->
        <test-method is-config="true" signature="tearDownClass()[pri:0, instance:TestRunner.Runner@1165b38]" started-at="2026-04-14T14:49:29 IST" name="tearDownClass" finished-at="2026-04-14T14:49:31 IST" duration-ms="1679" status="PASS">
          <reporter-output>
          </reporter-output>
        </test-method> <!-- tearDownClass -->
      </class> <!-- TestRunner.Runner -->
    </test> <!-- FirefoxTest -->
  </suite> <!-- Parallel Cross Browser Suite -->
</testng-results>
