<?xml version="1.0" encoding="UTF-8"?>
<testsuite xmlns:xsi="http://www.w3.org/2001/XMLSchema-instance" xsi:noNamespaceSchemaLocation="https://maven.apache.org/surefire/maven-surefire-plugin/xsd/surefire-test-report.xsd" version="3.0.1" name="TestSuite" time="42.522" tests="6" errors="0" skipped="0" failures="0">
  <properties>
[...]
</properties>
  <testcase name="runScenario[&quot;#1 User Login to the application&quot;, &quot;Login&quot;](1)" classname="TestRunner.Runner" time="15.027">
    <system-out><![CDATA[
Scenario: #1 User Login to the application                                                   # src/test/resources/features/Login.feature:4

Scenario: #1 User Login to the application                                                   # src/test/resources/features/Login.feature:4

Scenario: #1 User Login to the application                                                   # src/test/resources/features/Login.feature:4
  ✔ Given User is on login page                                                              # stepDefinitions.LoginStep.user_is_on_login_page()
  ✔ Given User is on login page                                                              # stepDefinitions.LoginStep.user_is_on_login_page()
  ✔ When User enter username as "Admin" and password as "admin123" and click on login button # stepDefinitions.LoginStep.user_enter_username_as_and_password_as_and_click_on_login_button(java.lang.String,java.lang.String)
  ✔ When User enter username as "Admin" and password as "admin123" and click on login button # stepDefinitions.LoginStep.user_enter_username_as_and_password_as_and_click_on_login_button(java.lang.String,java.lang.String)
  ✔ Given User is on login page                                                              # stepDefinitions.LoginStep.user_is_on_login_page()
  ✔ Then User navigate to the dashboard                                                      # stepDefinitions.LoginStep.user_navigate_to_the_dashboard()
]]></system-out>
    <system-err><![CDATA[SLF4J(W): No SLF4J providers were found.
SLF4J(W): Defaulting to no-operation (NOP) logger implementation
SLF4J(W): See https://www.slf4j.org/codes.html#noProviders for further details.
Apr 14, 2026 2:48:55 PM org.openqa.selenium.devtools.CdpVersionFinder findNearestMatch
WARNING: Unable to find an exact match for CDP version 146, returning the closest version; found: 142; Please update to a Selenium version that supports CDP version 146
Apr 14, 2026 2:48:55 PM org.openqa.selenium.devtools.CdpVersionFinder findNearestMatch
WARNING: Unable to find an exact match for CDP version 146, returning the closest version; found: 142; Please update to a Selenium version that supports CDP version 146
]]></system-err>
  </testcase>
  <testcase name="runScenario[&quot;#1 User Login to the application&quot;, &quot;Login&quot;](1)" classname="TestRunner.Runner" time="0.939">
    <system-out><![CDATA[
Scenario: #2 This is second scenario                                                         # src/test/resources/features/Login.feature:10
  ✔ Then User navigate to the dashboard                                                      # stepDefinitions.LoginStep.user_navigate_to_the_dashboard()
]]></system-out>
  </testcase>
  <testcase name="runScenario[&quot;#1 User Login to the application&quot;, &quot;Login&quot;](1)" classname="TestRunner.Runner" time="9.508">
    <system-out><![CDATA[
Scenario: #2 This is second scenario                                                         # src/test/resources/features/Login.feature:10
  ✔ When User enter username as "Admin" and password as "admin123" and click on login button # stepDefinitions.LoginStep.user_enter_username_as_and_password_as_and_click_on_login_button(java.lang.String,java.lang.String)
  ✔ Given User is on login page                                                              # stepDefinitions.LoginStep.user_is_on_login_page()
  ✔ Given User is on login page                                                              # stepDefinitions.LoginStep.user_is_on_login_page()
  ✔ Then User navigate to the dashboard                                                      # stepDefinitions.LoginStep.user_navigate_to_the_dashboard()
  ✔ When User enter username as "Admin" and password as "admin123" and click on login button # stepDefinitions.LoginStep.user_enter_username_as_and_password_as_and_click_on_login_button(java.lang.String,java.lang.String)
]]></system-out>
    <system-err><![CDATA[Apr 14, 2026 2:49:07 PM org.openqa.selenium.devtools.CdpVersionFinder findNearestMatch
WARNING: Unable to find an exact match for CDP version 146, returning the closest version; found: 142; Please update to a Selenium version that supports CDP version 146
Apr 14, 2026 2:49:08 PM org.openqa.selenium.devtools.CdpVersionFinder findNearestMatch
WARNING: Unable to find an exact match for CDP version 146, returning the closest version; found: 142; Please update to a Selenium version that supports CDP version 146
]]></system-err>
  </testcase>
  <testcase name="runScenario[&quot;#2 This is second scenario&quot;, &quot;Login&quot;](2)" classname="TestRunner.Runner" time="5.101">
    <system-out><![CDATA[
Scenario: #2 This is second scenario                                                         # src/test/resources/features/Login.feature:10
  ✔ When User enter username as "Admin" and password as "admin123" and click on login button # stepDefinitions.LoginStep.user_enter_username_as_and_password_as_and_click_on_login_button(java.lang.String,java.lang.String)
  ✔ Then User navigate to the dashboard                                                      # stepDefinitions.LoginStep.user_navigate_to_the_dashboard()
]]></system-out>
  </testcase>
  <testcase name="runScenario[&quot;#2 This is second scenario&quot;, &quot;Login&quot;](2)" classname="TestRunner.Runner" time="6.103">
    <system-out><![CDATA[  ✔ Then User navigate to the dashboard                                                      # stepDefinitions.LoginStep.user_navigate_to_the_dashboard()
]]></system-out>
  </testcase>
  <testcase name="runScenario[&quot;#2 This is second scenario&quot;, &quot;Login&quot;](2)" classname="TestRunner.Runner" time="14.059">
    <system-out><![CDATA[  ✔ Given User is on login page                                                              # stepDefinitions.LoginStep.user_is_on_login_page()
  ✔ When User enter username as "Admin" and password as "admin123" and click on login button # stepDefinitions.LoginStep.user_enter_username_as_and_password_as_and_click_on_login_button(java.lang.String,java.lang.String)
  ✔ Then User navigate to the dashboard                                                      # stepDefinitions.LoginStep.user_navigate_to_the_dashboard()
]]></system-out>
    <system-err><![CDATA[┌──────────────────────────────────────────────────────────────────────────┐
│ View your Cucumber Report at:                                            │
│ https://reports.cucumber.io/reports/5569a23a-b7d1-43e3-b9e9-b90618a3110b │
│                                                                          │
│ This report will self-destruct in 24h.                                   │
└──────────────────────────────────────────────────────────────────────────┘┌──────────────────────────────────────────────────────────────────────────┐
│ View your Cucumber Report at:                                            │
│ https://reports.cucumber.io/reports/cb3923fa-38f3-4db8-857e-8f21ccaa0403 │
│                                                                          │
│ This report will self-destruct in 24h.                                   │
└──────────────────────────────────────────────────────────────────────────┘]]></system-err>
  </testcase>
</testsuite>