<?xml version="1.0" encoding="UTF-8"?>
<testng-results ignored="0" total="6" passed="6" failed="0" skipped="0">
  <reporter-output>
  </reporter-output>
  <suite started-at="2026-04-14T14:58:56 IST" name="Parallel Cross Browser Suite" finished-at="2026-04-14T14:59:47 IST" duration-ms="51048">
    <groups>
      <group name="cucumber">
        <method signature="AbstractTestNGCucumberTests.runScenario(io.cucumber.testng.PickleWrapper,io.cucumber.testng.FeatureWrapper)[pri:0, instance:TestRunner.Runner@1b7cc17c]" name="runScenario" class="io.cucumber.testng.AbstractTestNGCucumberTests"/>
        <method signature="AbstractTestNGCucumberTests.runScenario(io.cucumber.testng.PickleWrapper,io.cucumber.testng.FeatureWrapper)[pri:0, instance:TestRunner.Runner@7b98f307]" name="runScenario" class="io.cucumber.testng.AbstractTestNGCucumberTests"/>
        <method signature="AbstractTestNGCucumberTests.runScenario(io.cucumber.testng.PickleWrapper,io.cucumber.testng.FeatureWrapper)[pri:0, instance:TestRunner.Runner@34123d65]" name="runScenario" class="io.cucumber.testng.AbstractTestNGCucumberTests"/>
      </group> <!-- cucumber -->
    </groups>
    <test started-at="2026-04-14T14:58:56 IST" name="EdgeTest" finished-at="2026-04-14T14:59:32 IST" duration-ms="35491">
      <class name="TestRunner.Runner">
        <test-method is-config="true" signature="setup(java.lang.String)[pri:0, instance:TestRunner.Runner@34123d65]" started-at="2026-04-14T14:58:56 IST" name="setup" finished-at="2026-04-14T14:58:56 IST" duration-ms="17" status="PASS">
          <params>
            <param index="0">
              <value>
                <![CDATA[edge]]>
              </value>
            </param>
          </params>
          <reporter-output>
          </reporter-output>
        </test-method> <!-- setup -->
        <test-method is-config="true" signature="setUpClass(org.testng.ITestContext)[pri:0, instance:TestRunner.Runner@34123d65]" started-at="2026-04-14T14:58:56 IST" name="setUpClass" finished-at="2026-04-14T14:58:57 IST" duration-ms="562" status="PASS">
          <params>
            <param index="0">
              <value>
                <![CDATA[org.testng.TestRunner@69453e37]]>
              </value>
            </param>
          </params>
          <reporter-output>
          </reporter-output>
        </test-method> <!-- setUpClass -->
        <test-method signature="runScenario(io.cucumber.testng.PickleWrapper,io.cucumber.testng.FeatureWrapper)[pri:0, instance:TestRunner.Runner@34123d65]" started-at="2026-04-14T14:58:57 IST" name="runScenario" description="Runs Cucumber Scenarios" data-provider="scenarios" finished-at="2026-04-14T14:59:15 IST" duration-ms="18502" status="PASS">
          <params>
            <param index="0">
              <value>
                <![CDATA["#1 User Login to the application"]]>
              </value>
            </param>
            <param index="1">
              <value>
                <![CDATA["Login"]]>
              </value>
            </param>
          </params>
          <reporter-output>
          </reporter-output>
        </test-method> <!-- runScenario -->
        <test-method signature="runScenario(io.cucumber.testng.PickleWrapper,io.cucumber.testng.FeatureWrapper)[pri:0, instance:TestRunner.Runner@34123d65]" started-at="2026-04-14T14:59:15 IST" name="runScenario" description="Runs Cucumber Scenarios" data-provider="scenarios" finished-at="2026-04-14T14:59:29 IST" duration-ms="14263" status="PASS">
          <params>
            <param index="0">
              <value>
                <![CDATA["#2 This is second scenario"]]>
              </value>
            </param>
            <param index="1">
              <value>
                <![CDATA["Login"]]>
              </value>
            </param>
          </params>
          <reporter-output>
          </reporter-output>
        </test-method> <!-- runScenario -->
        <test-method is-config="true" signature="tearDownClass()[pri:0, instance:TestRunner.Runner@34123d65]" started-at="2026-04-14T14:59:29 IST" name="tearDownClass" finished-at="2026-04-14T14:59:32 IST" duration-ms="2105" status="PASS">
          <reporter-output>
          </reporter-output>
        </test-method> <!-- tearDownClass -->
      </class> <!-- TestRunner.Runner -->
    </test> <!-- EdgeTest -->
    <test started-at="2026-04-14T14:58:56 IST" name="ChromeTest" finished-at="2026-04-14T14:59:32 IST" duration-ms="35917">
      <class name="TestRunner.Runner">
        <test-method is-config="true" signature="setup(java.lang.String)[pri:0, instance:TestRunner.Runner@1b7cc17c]" started-at="2026-04-14T14:58:56 IST" name="setup" finished-at="2026-04-14T14:58:56 IST" duration-ms="17" status="PASS">
          <params>
            <param index="0">
              <value>
                <![CDATA[chrome]]>
              </value>
            </param>
          </params>
          <reporter-output>
          </reporter-output>
        </test-method> <!-- setup -->
        <test-method is-config="true" signature="setUpClass(org.testng.ITestContext)[pri:0, instance:TestRunner.Runner@1b7cc17c]" started-at="2026-04-14T14:58:56 IST" name="setUpClass" finished-at="2026-04-14T14:58:57 IST" duration-ms="562" status="PASS">
          <params>
            <param index="0">
              <value>
                <![CDATA[org.testng.TestRunner@6200f9cb]]>
              </value>
            </param>
          </params>
          <reporter-output>
          </reporter-output>
        </test-method> <!-- setUpClass -->
        <test-method signature="runScenario(io.cucumber.testng.PickleWrapper,io.cucumber.testng.FeatureWrapper)[pri:0, instance:TestRunner.Runner@1b7cc17c]" started-at="2026-04-14T14:58:57 IST" name="runScenario" description="Runs Cucumber Scenarios" data-provider="scenarios" finished-at="2026-04-14T14:59:16 IST" duration-ms="19296" status="PASS">
          <params>
            <param index="0">
              <value>
                <![CDATA["#1 User Login to the application"]]>
              </value>
            </param>
            <param index="1">
              <value>
                <![CDATA["Login"]]>
              </value>
            </param>
          </params>
          <reporter-output>
          </reporter-output>
        </test-method> <!-- runScenario -->
        <test-method signature="runScenario(io.cucumber.testng.PickleWrapper,io.cucumber.testng.FeatureWrapper)[pri:0, instance:TestRunner.Runner@1b7cc17c]" started-at="2026-04-14T14:59:16 IST" name="runScenario" description="Runs Cucumber Scenarios" data-provider="scenarios" finished-at="2026-04-14T14:59:31 IST" duration-ms="14708" status="PASS">
          <params>
            <param index="0">
              <value>
                <![CDATA["#2 This is second scenario"]]>
              </value>
            </param>
            <param index="1">
              <value>
                <![CDATA["Login"]]>
              </value>
            </param>
          </params>
          <reporter-output>
          </reporter-output>
        </test-method> <!-- runScenario -->
        <test-method is-config="true" signature="tearDownClass()[pri:0, instance:TestRunner.Runner@1b7cc17c]" started-at="2026-04-14T14:59:31 IST" name="tearDownClass" finished-at="2026-04-14T14:59:32 IST" duration-ms="1299" status="PASS">
          <reporter-output>
          </reporter-output>
        </test-method> <!-- tearDownClass -->
      </class> <!-- TestRunner.Runner -->
    </test> <!-- ChromeTest -->
    <test started-at="2026-04-14T14:58:56 IST" name="FirefoxTest" finished-at="2026-04-14T14:59:47 IST" duration-ms="51048">
      <class name="TestRunner.Runner">
        <test-method is-config="true" signature="setup(java.lang.String)[pri:0, instance:TestRunner.Runner@7b98f307]" started-at="2026-04-14T14:58:56 IST" name="setup" finished-at="2026-04-14T14:58:56 IST" duration-ms="17" status="PASS">
          <params>
            <param index="0">
              <value>
                <![CDATA[firefox]]>
              </value>
            </param>
          </params>
          <reporter-output>
          </reporter-output>
        </test-method> <!-- setup -->
        <test-method is-config="true" signature="setUpClass(org.testng.ITestContext)[pri:0, instance:TestRunner.Runner@7b98f307]" started-at="2026-04-14T14:58:56 IST" name="setUpClass" finished-at="2026-04-14T14:58:57 IST" duration-ms="562" status="PASS">
          <params>
            <param index="0">
              <value>
                <![CDATA[org.testng.TestRunner@2002fc1d]]>
              </value>
            </param>
          </params>
          <reporter-output>
          </reporter-output>
        </test-method> <!-- setUpClass -->
        <test-method signature="runScenario(io.cucumber.testng.PickleWrapper,io.cucumber.testng.FeatureWrapper)[pri:0, instance:TestRunner.Runner@7b98f307]" started-at="2026-04-14T14:58:57 IST" name="runScenario" description="Runs Cucumber Scenarios" data-provider="scenarios" finished-at="2026-04-14T14:59:26 IST" duration-ms="29123" status="PASS">
          <params>
            <param index="0">
              <value>
                <![CDATA["#1 User Login to the application"]]>
              </value>
            </param>
            <param index="1">
              <value>
                <![CDATA["Login"]]>
              </value>
            </param>
          </params>
          <reporter-output>
          </reporter-output>
        </test-method> <!-- runScenario -->
        <test-method signature="runScenario(io.cucumber.testng.PickleWrapper,io.cucumber.testng.FeatureWrapper)[pri:0, instance:TestRunner.Runner@7b98f307]" started-at="2026-04-14T14:59:26 IST" name="runScenario" description="Runs Cucumber Scenarios" data-provider="scenarios" finished-at="2026-04-14T14:59:46 IST" duration-ms="19909" status="PASS">
          <params>
            <param index="0">
              <value>
                <![CDATA["#2 This is second scenario"]]>
              </value>
            </param>
            <param index="1">
              <value>
                <![CDATA["Login"]]>
              </value>
            </param>
          </params>
          <reporter-output>
          </reporter-output>
        </test-method> <!-- runScenario -->
        <test-method is-config="true" signature="tearDownClass()[pri:0, instance:TestRunner.Runner@7b98f307]" started-at="2026-04-14T14:59:46 IST" name="tearDownClass" finished-at="2026-04-14T14:59:47 IST" duration-ms="1403" status="PASS">
          <reporter-output>
          </reporter-output>
        </test-method> <!-- tearDownClass -->
      </class> <!-- TestRunner.Runner -->
    </test> <!-- FirefoxTest -->
  </suite> <!-- Parallel Cross Browser Suite -->
</testng-results>
