<?xml version="1.0" encoding="UTF-8"?>
<testng-results ignored="0" total="6" passed="6" failed="0" skipped="0">
  <reporter-output>
  </reporter-output>
  <suite started-at="2026-04-14T15:51:47 IST" name="Parallel Cross Browser Suite" finished-at="2026-04-14T15:52:17 IST" duration-ms="29714">
    <groups>
      <group name="cucumber">
        <method signature="AbstractTestNGCucumberTests.runScenario(io.cucumber.testng.PickleWrapper,io.cucumber.testng.FeatureWrapper)[pri:0, instance:TestRunner.Runner@587e5365]" name="runScenario" class="io.cucumber.testng.AbstractTestNGCucumberTests"/>
        <method signature="AbstractTestNGCucumberTests.runScenario(io.cucumber.testng.PickleWrapper,io.cucumber.testng.FeatureWrapper)[pri:0, instance:TestRunner.Runner@5f8edcc5]" name="runScenario" class="io.cucumber.testng.AbstractTestNGCucumberTests"/>
        <method signature="AbstractTestNGCucumberTests.runScenario(io.cucumber.testng.PickleWrapper,io.cucumber.testng.FeatureWrapper)[pri:0, instance:TestRunner.Runner@1ebd319f]" name="runScenario" class="io.cucumber.testng.AbstractTestNGCucumberTests"/>
      </group> <!-- cucumber -->
    </groups>
    <test started-at="2026-04-14T15:51:47 IST" name="ChromeTest" finished-at="2026-04-14T15:52:10 IST" duration-ms="22764">
      <class name="TestRunner.Runner">
        <test-method is-config="true" signature="setup(java.lang.String)[pri:0, instance:TestRunner.Runner@587e5365]" started-at="2026-04-14T15:51:47 IST" name="setup" finished-at="2026-04-14T15:51:47 IST" duration-ms="16" status="PASS">
          <params>
            <param index="0">
              <value>
                <![CDATA[chrome]]>
              </value>
            </param>
          </params>
          <reporter-output>
          </reporter-output>
        </test-method> <!-- setup -->
        <test-method is-config="true" signature="setUpClass(org.testng.ITestContext)[pri:0, instance:TestRunner.Runner@587e5365]" started-at="2026-04-14T15:51:47 IST" name="setUpClass" finished-at="2026-04-14T15:51:48 IST" duration-ms="597" status="PASS">
          <params>
            <param index="0">
              <value>
                <![CDATA[org.testng.TestRunner@27ff5d15]]>
              </value>
            </param>
          </params>
          <reporter-output>
          </reporter-output>
        </test-method> <!-- setUpClass -->
        <test-method signature="runScenario(io.cucumber.testng.PickleWrapper,io.cucumber.testng.FeatureWrapper)[pri:0, instance:TestRunner.Runner@587e5365]" started-at="2026-04-14T15:51:48 IST" name="runScenario" description="Runs Cucumber Scenarios" data-provider="scenarios" finished-at="2026-04-14T15:51:59 IST" duration-ms="10999" status="PASS">
          <params>
            <param index="0">
              <value>
                <![CDATA["#1 User Login to the application"]]>
              </value>
            </param>
            <param index="1">
              <value>
                <![CDATA["Login"]]>
              </value>
            </param>
          </params>
          <reporter-output>
          </reporter-output>
        </test-method> <!-- runScenario -->
        <test-method signature="runScenario(io.cucumber.testng.PickleWrapper,io.cucumber.testng.FeatureWrapper)[pri:0, instance:TestRunner.Runner@587e5365]" started-at="2026-04-14T15:51:59 IST" name="runScenario" description="Runs Cucumber Scenarios" data-provider="scenarios" finished-at="2026-04-14T15:52:08 IST" duration-ms="9216" status="PASS">
          <params>
            <param index="0">
              <value>
                <![CDATA["#2 This is second scenario"]]>
              </value>
            </param>
            <param index="1">
              <value>
                <![CDATA["Login"]]>
              </value>
            </param>
          </params>
          <reporter-output>
          </reporter-output>
        </test-method> <!-- runScenario -->
        <test-method is-config="true" signature="tearDownClass()[pri:0, instance:TestRunner.Runner@587e5365]" started-at="2026-04-14T15:52:08 IST" name="tearDownClass" finished-at="2026-04-14T15:52:10 IST" duration-ms="1889" status="PASS">
          <reporter-output>
          </reporter-output>
        </test-method> <!-- tearDownClass -->
      </class> <!-- TestRunner.Runner -->
    </test> <!-- ChromeTest -->
    <test started-at="2026-04-14T15:51:47 IST" name="EdgeTest" finished-at="2026-04-14T15:52:10 IST" duration-ms="22909">
      <class name="TestRunner.Runner">
        <test-method is-config="true" signature="setup(java.lang.String)[pri:0, instance:TestRunner.Runner@1ebd319f]" started-at="2026-04-14T15:51:47 IST" name="setup" finished-at="2026-04-14T15:51:47 IST" duration-ms="16" status="PASS">
          <params>
            <param index="0">
              <value>
                <![CDATA[edge]]>
              </value>
            </param>
          </params>
          <reporter-output>
          </reporter-output>
        </test-method> <!-- setup -->
        <test-method is-config="true" signature="setUpClass(org.testng.ITestContext)[pri:0, instance:TestRunner.Runner@1ebd319f]" started-at="2026-04-14T15:51:47 IST" name="setUpClass" finished-at="2026-04-14T15:51:48 IST" duration-ms="597" status="PASS">
          <params>
            <param index="0">
              <value>
                <![CDATA[org.testng.TestRunner@649bec2e]]>
              </value>
            </param>
          </params>
          <reporter-output>
          </reporter-output>
        </test-method> <!-- setUpClass -->
        <test-method signature="runScenario(io.cucumber.testng.PickleWrapper,io.cucumber.testng.FeatureWrapper)[pri:0, instance:TestRunner.Runner@1ebd319f]" started-at="2026-04-14T15:51:48 IST" name="runScenario" description="Runs Cucumber Scenarios" data-provider="scenarios" finished-at="2026-04-14T15:51:59 IST" duration-ms="11002" status="PASS">
          <params>
            <param index="0">
              <value>
                <![CDATA["#1 User Login to the application"]]>
              </value>
            </param>
            <param index="1">
              <value>
                <![CDATA["Login"]]>
              </value>
            </param>
          </params>
          <reporter-output>
          </reporter-output>
        </test-method> <!-- runScenario -->
        <test-method signature="runScenario(io.cucumber.testng.PickleWrapper,io.cucumber.testng.FeatureWrapper)[pri:0, instance:TestRunner.Runner@1ebd319f]" started-at="2026-04-14T15:51:59 IST" name="runScenario" description="Runs Cucumber Scenarios" data-provider="scenarios" finished-at="2026-04-14T15:52:08 IST" duration-ms="9136" status="PASS">
          <params>
            <param index="0">
              <value>
                <![CDATA["#2 This is second scenario"]]>
              </value>
            </param>
            <param index="1">
              <value>
                <![CDATA["Login"]]>
              </value>
            </param>
          </params>
          <reporter-output>
          </reporter-output>
        </test-method> <!-- runScenario -->
        <test-method is-config="true" signature="tearDownClass()[pri:0, instance:TestRunner.Runner@1ebd319f]" started-at="2026-04-14T15:52:08 IST" name="tearDownClass" finished-at="2026-04-14T15:52:10 IST" duration-ms="2110" status="PASS">
          <reporter-output>
          </reporter-output>
        </test-method> <!-- tearDownClass -->
      </class> <!-- TestRunner.Runner -->
    </test> <!-- EdgeTest -->
    <test started-at="2026-04-14T15:51:47 IST" name="FirefoxTest" finished-at="2026-04-14T15:52:17 IST" duration-ms="29714">
      <class name="TestRunner.Runner">
        <test-method is-config="true" signature="setup(java.lang.String)[pri:0, instance:TestRunner.Runner@5f8edcc5]" started-at="2026-04-14T15:51:47 IST" name="setup" finished-at="2026-04-14T15:51:47 IST" duration-ms="15" status="PASS">
          <params>
            <param index="0">
              <value>
                <![CDATA[firefox]]>
              </value>
            </param>
          </params>
          <reporter-output>
          </reporter-output>
        </test-method> <!-- setup -->
        <test-method is-config="true" signature="setUpClass(org.testng.ITestContext)[pri:0, instance:TestRunner.Runner@5f8edcc5]" started-at="2026-04-14T15:51:47 IST" name="setUpClass" finished-at="2026-04-14T15:51:48 IST" duration-ms="597" status="PASS">
          <params>
            <param index="0">
              <value>
                <![CDATA[org.testng.TestRunner@4e096385]]>
              </value>
            </param>
          </params>
          <reporter-output>
          </reporter-output>
        </test-method> <!-- setUpClass -->
        <test-method signature="runScenario(io.cucumber.testng.PickleWrapper,io.cucumber.testng.FeatureWrapper)[pri:0, instance:TestRunner.Runner@5f8edcc5]" started-at="2026-04-14T15:51:48 IST" name="runScenario" description="Runs Cucumber Scenarios" data-provider="scenarios" finished-at="2026-04-14T15:52:06 IST" duration-ms="18404" status="PASS">
          <params>
            <param index="0">
              <value>
                <![CDATA["#1 User Login to the application"]]>
              </value>
            </param>
            <param index="1">
              <value>
                <![CDATA["Login"]]>
              </value>
            </param>
          </params>
          <reporter-output>
          </reporter-output>
        </test-method> <!-- runScenario -->
        <test-method signature="runScenario(io.cucumber.testng.PickleWrapper,io.cucumber.testng.FeatureWrapper)[pri:0, instance:TestRunner.Runner@5f8edcc5]" started-at="2026-04-14T15:52:06 IST" name="runScenario" description="Runs Cucumber Scenarios" data-provider="scenarios" finished-at="2026-04-14T15:52:16 IST" duration-ms="9333" status="PASS">
          <params>
            <param index="0">
              <value>
                <![CDATA["#2 This is second scenario"]]>
              </value>
            </param>
            <param index="1">
              <value>
                <![CDATA["Login"]]>
              </value>
            </param>
          </params>
          <reporter-output>
          </reporter-output>
        </test-method> <!-- runScenario -->
        <test-method is-config="true" signature="tearDownClass()[pri:0, instance:TestRunner.Runner@5f8edcc5]" started-at="2026-04-14T15:52:16 IST" name="tearDownClass" finished-at="2026-04-14T15:52:17 IST" duration-ms="1321" status="PASS">
          <reporter-output>
          </reporter-output>
        </test-method> <!-- tearDownClass -->
      </class> <!-- TestRunner.Runner -->
    </test> <!-- FirefoxTest -->
  </suite> <!-- Parallel Cross Browser Suite -->
</testng-results>
