<?xml version="1.0" encoding="UTF-8"?>
<!-- Generated by org.testng.reporters.JUnitReportReporter -->
<testsuite hostname="Mehul" failures="0" tests="6" name="TestRunner.Runner" time="68.090" errors="0" timestamp="2026-04-14T15:52:17 IST" skipped="0">
  <testcase classname="TestRunner.Runner" name="runScenario" time="11.002"/>
  <testcase classname="TestRunner.Runner" name="runScenario" time="9.216"/>
  <testcase classname="TestRunner.Runner" name="runScenario" time="18.404"/>
  <testcase classname="TestRunner.Runner" name="runScenario" time="9.136"/>
  <testcase classname="TestRunner.Runner" name="runScenario" time="9.333"/>
  <testcase classname="TestRunner.Runner" name="runScenario" time="10.999"/>
</testsuite> <!-- TestRunner.Runner -->
