<?xml version="1.0" encoding="UTF-8"?>
<!-- Generated by org.testng.reporters.JUnitReportReporter -->
<testsuite hostname="Mehul" failures="0" tests="6" name="TestRunner.Runner" time="115.793" errors="0" timestamp="2026-04-14T13:39:29 IST" skipped="0">
  <testcase classname="TestRunner.Runner" name="runScenario" time="19.401"/>
  <testcase classname="TestRunner.Runner" name="runScenario" time="14.963"/>
  <testcase classname="TestRunner.Runner" name="runScenario" time="18.619"/>
  <testcase classname="TestRunner.Runner" name="runScenario" time="21.052"/>
  <testcase classname="TestRunner.Runner" name="runScenario" time="23.292"/>
  <testcase classname="TestRunner.Runner" name="runScenario" time="18.466"/>
</testsuite> <!-- TestRunner.Runner -->
