<?xml version="1.0" encoding="UTF-8"?>
<!-- Generated by org.testng.reporters.JUnitReportReporter -->
<testsuite hostname="Mehul" failures="0" tests="6" name="TestRunner.Runner1" time="161.072" errors="2" timestamp="2026-01-02T14:52:06 IST" skipped="0">
  <testcase classname="TestRunner.Runner1" name="runScenario" time="22.773">
    <error message="no such window: target window already closed
from unknown error: web view not found
  (Session info: MicrosoftEdge=143.0.3650.96)
Build info: version: &#039;4.38.0&#039;, revision: &#039;6b412e825c*&#039;
System info: os.name: &#039;Windows 10&#039;, os.arch: &#039;amd64&#039;, os.version: &#039;10.0&#039;, java.version: &#039;21.0.9&#039;
Driver info: org.openqa.selenium.edge.EdgeDriver
Command: [b9afa1e87181829b22e074cc7749914c, findElement {value=username, using=name}]
Capabilities {acceptInsecureCerts: false, browserName: MicrosoftEdge, browserVersion: 143.0.3650.96, fedcm:accounts: true, goog:processID: 81932, ms:edgeOptions: {debuggerAddress: localhost:53239}, msedge: {msedgedriverVersion: 143.0.3650.96 (d55fe85d0141..., userDataDir: C:\Users\Mehul\AppData\Loca...}, networkConnectionEnabled: false, pageLoadStrategy: normal, platformName: windows, proxy: Proxy(), se:cdp: ws://localhost:53239/devtoo..., se:cdpVersion: 143.0.3650.96, setWindowRect: true, strictFileInteractability: false, timeouts: {implicit: 0, pageLoad: 300000, script: 30000}, unhandledPromptBehavior: dismiss and notify, webauthn:extension:credBlob: true, webauthn:extension:largeBlob: true, webauthn:extension:minPinLength: true, webauthn:extension:prf: true, webauthn:virtualAuthenticators: true}
Session ID: b9afa1e87181829b22e074cc7749914c" type="org.openqa.selenium.NoSuchWindowException">
      <![CDATA[org.openqa.selenium.NoSuchWindowException: no such window: target window already closed
from unknown error: web view not found
  (Session info: MicrosoftEdge=143.0.3650.96)
Build info: version: '4.38.0', revision: '6b412e825c*'
System info: os.name: 'Windows 10', os.arch: 'amd64', os.version: '10.0', java.version: '21.0.9'
Driver info: org.openqa.selenium.edge.EdgeDriver
Command: [b9afa1e87181829b22e074cc7749914c, findElement {value=username, using=name}]
Capabilities {acceptInsecureCerts: false, browserName: MicrosoftEdge, browserVersion: 143.0.3650.96, fedcm:accounts: true, goog:processID: 81932, ms:edgeOptions: {debuggerAddress: localhost:53239}, msedge: {msedgedriverVersion: 143.0.3650.96 (d55fe85d0141..., userDataDir: C:\Users\Mehul\AppData\Loca...}, networkConnectionEnabled: false, pageLoadStrategy: normal, platformName: windows, proxy: Proxy(), se:cdp: ws://localhost:53239/devtoo..., se:cdpVersion: 143.0.3650.96, setWindowRect: true, strictFileInteractability: false, timeouts: {implicit: 0, pageLoad: 300000, script: 30000}, unhandledPromptBehavior: dismiss and notify, webauthn:extension:credBlob: true, webauthn:extension:largeBlob: true, webauthn:extension:minPinLength: true, webauthn:extension:prf: true, webauthn:virtualAuthenticators: true}
Session ID: b9afa1e87181829b22e074cc7749914c
at java.base/jdk.internal.reflect.DirectConstructorHandleAccessor.newInstance(DirectConstructorHandleAccessor.java:62)
at java.base/java.lang.reflect.Constructor.newInstanceWithCaller(Constructor.java:502)
at java.base/java.lang.reflect.Constructor.newInstance(Constructor.java:486)
at org.openqa.selenium.remote.ErrorCodec.decode(ErrorCodec.java:167)
at org.openqa.selenium.remote.codec.w3c.W3CHttpResponseCodec.decode(W3CHttpResponseCodec.java:138)
at org.openqa.selenium.remote.codec.w3c.W3CHttpResponseCodec.decode(W3CHttpResponseCodec.java:50)
at org.openqa.selenium.remote.HttpCommandExecutor.execute(HttpCommandExecutor.java:215)
at org.openqa.selenium.remote.service.DriverCommandExecutor.invokeExecute(DriverCommandExecutor.java:216)
at org.openqa.selenium.remote.service.DriverCommandExecutor.execute(DriverCommandExecutor.java:174)
at org.openqa.selenium.remote.RemoteWebDriver.execute(RemoteWebDriver.java:557)
at org.openqa.selenium.remote.ElementLocation$ElementFinder$2.findElement(ElementLocation.java:165)
at org.openqa.selenium.remote.ElementLocation.findElement(ElementLocation.java:66)
at org.openqa.selenium.remote.RemoteWebDriver.findElement(RemoteWebDriver.java:380)
at org.openqa.selenium.remote.RemoteWebDriver.findElement(RemoteWebDriver.java:374)
at DFpages.LoginDFPage.login(LoginDFPage.java:36)
at stepDefinitions.LoginStep.user_enter_username_as_and_password_as_and_click_on_login_button(LoginStep.java:43)
at ✽.User enter username as "Admin" and password as "admin123" and click on login button(file:///C:/Users/Mehul/Automation_WorkPlace_Dec_2025/ThreadLocalCucmberAutomation/src/test/resources/features/Login.feature:7)
]]>
    </error>
  </testcase> <!-- runScenario -->
  <testcase classname="TestRunner.Runner1" name="runScenario" time="1.955">
    <error message="no such window: target window already closed
from unknown error: web view not found
  (Session info: MicrosoftEdge=143.0.3650.96)
Build info: version: &#039;4.38.0&#039;, revision: &#039;6b412e825c*&#039;
System info: os.name: &#039;Windows 10&#039;, os.arch: &#039;amd64&#039;, os.version: &#039;10.0&#039;, java.version: &#039;21.0.9&#039;
Driver info: org.openqa.selenium.edge.EdgeDriver
Command: [458cc83803f9bdc6b93da55fd6f8be09, findElement {value=username, using=name}]
Capabilities {acceptInsecureCerts: false, browserName: MicrosoftEdge, browserVersion: 143.0.3650.96, fedcm:accounts: true, goog:processID: 25352, ms:edgeOptions: {debuggerAddress: localhost:53272}, msedge: {msedgedriverVersion: 143.0.3650.96 (d55fe85d0141..., userDataDir: C:\Users\Mehul\AppData\Loca...}, networkConnectionEnabled: false, pageLoadStrategy: normal, platformName: windows, proxy: Proxy(), se:cdp: ws://localhost:53272/devtoo..., se:cdpVersion: 143.0.3650.96, setWindowRect: true, strictFileInteractability: false, timeouts: {implicit: 0, pageLoad: 300000, script: 30000}, unhandledPromptBehavior: dismiss and notify, webauthn:extension:credBlob: true, webauthn:extension:largeBlob: true, webauthn:extension:minPinLength: true, webauthn:extension:prf: true, webauthn:virtualAuthenticators: true}
Session ID: 458cc83803f9bdc6b93da55fd6f8be09" type="org.openqa.selenium.NoSuchWindowException">
      <![CDATA[org.openqa.selenium.NoSuchWindowException: no such window: target window already closed
from unknown error: web view not found
  (Session info: MicrosoftEdge=143.0.3650.96)
Build info: version: '4.38.0', revision: '6b412e825c*'
System info: os.name: 'Windows 10', os.arch: 'amd64', os.version: '10.0', java.version: '21.0.9'
Driver info: org.openqa.selenium.edge.EdgeDriver
Command: [458cc83803f9bdc6b93da55fd6f8be09, findElement {value=username, using=name}]
Capabilities {acceptInsecureCerts: false, browserName: MicrosoftEdge, browserVersion: 143.0.3650.96, fedcm:accounts: true, goog:processID: 25352, ms:edgeOptions: {debuggerAddress: localhost:53272}, msedge: {msedgedriverVersion: 143.0.3650.96 (d55fe85d0141..., userDataDir: C:\Users\Mehul\AppData\Loca...}, networkConnectionEnabled: false, pageLoadStrategy: normal, platformName: windows, proxy: Proxy(), se:cdp: ws://localhost:53272/devtoo..., se:cdpVersion: 143.0.3650.96, setWindowRect: true, strictFileInteractability: false, timeouts: {implicit: 0, pageLoad: 300000, script: 30000}, unhandledPromptBehavior: dismiss and notify, webauthn:extension:credBlob: true, webauthn:extension:largeBlob: true, webauthn:extension:minPinLength: true, webauthn:extension:prf: true, webauthn:virtualAuthenticators: true}
Session ID: 458cc83803f9bdc6b93da55fd6f8be09
at java.base/jdk.internal.reflect.DirectConstructorHandleAccessor.newInstance(DirectConstructorHandleAccessor.java:62)
at java.base/java.lang.reflect.Constructor.newInstanceWithCaller(Constructor.java:502)
at java.base/java.lang.reflect.Constructor.newInstance(Constructor.java:486)
at org.openqa.selenium.remote.ErrorCodec.decode(ErrorCodec.java:167)
at org.openqa.selenium.remote.codec.w3c.W3CHttpResponseCodec.decode(W3CHttpResponseCodec.java:138)
at org.openqa.selenium.remote.codec.w3c.W3CHttpResponseCodec.decode(W3CHttpResponseCodec.java:50)
at org.openqa.selenium.remote.HttpCommandExecutor.execute(HttpCommandExecutor.java:215)
at org.openqa.selenium.remote.service.DriverCommandExecutor.invokeExecute(DriverCommandExecutor.java:216)
at org.openqa.selenium.remote.service.DriverCommandExecutor.execute(DriverCommandExecutor.java:174)
at org.openqa.selenium.remote.RemoteWebDriver.execute(RemoteWebDriver.java:557)
at org.openqa.selenium.remote.ElementLocation$ElementFinder$2.findElement(ElementLocation.java:165)
at org.openqa.selenium.remote.ElementLocation.findElement(ElementLocation.java:66)
at org.openqa.selenium.remote.RemoteWebDriver.findElement(RemoteWebDriver.java:380)
at org.openqa.selenium.remote.RemoteWebDriver.findElement(RemoteWebDriver.java:374)
at DFpages.LoginDFPage.login(LoginDFPage.java:36)
at stepDefinitions.LoginStep2.user_enter_username_as_and_password_as_and_click_on_login_button(LoginStep2.java:42)
at ✽.User enter username as "Admin" and password as "admin123" and click on login button2(file:///C:/Users/Mehul/Automation_WorkPlace_Dec_2025/ThreadLocalCucmberAutomation/src/test/resources/features/Login2.feature:7)
]]>
    </error>
  </testcase> <!-- runScenario -->
  <testcase classname="TestRunner.Runner1" name="runScenario" time="25.624"/>
  <testcase classname="TestRunner.Runner1" name="runScenario" time="31.446"/>
  <testcase classname="TestRunner.Runner1" name="runScenario" time="27.849"/>
  <testcase classname="TestRunner.Runner1" name="runScenario" time="51.425"/>
</testsuite> <!-- TestRunner.Runner1 -->
