<?xml version="1.0" encoding="UTF-8"?>
<!-- Generated by org.testng.reporters.JUnitReportReporter -->
<testsuite hostname="Mehul" failures="0" tests="6" name="TestRunner.Runner" time="101.696" errors="0" timestamp="2026-04-14T14:49:31 IST" skipped="0">
  <testcase classname="TestRunner.Runner" name="runScenario" time="14.059"/>
  <testcase classname="TestRunner.Runner" name="runScenario" time="15.025"/>
  <testcase classname="TestRunner.Runner" name="runScenario" time="15.970"/>
  <testcase classname="TestRunner.Runner" name="runScenario" time="14.610"/>
  <testcase classname="TestRunner.Runner" name="runScenario" time="25.479"/>
  <testcase classname="TestRunner.Runner" name="runScenario" time="16.553"/>
</testsuite> <!-- TestRunner.Runner -->
