<?xml version="1.0" encoding="UTF-8"?>
<!-- Generated by org.testng.reporters.JUnitReportReporter -->
<testsuite hostname="Mehul" failures="0" tests="3" name="TestRunner.Runner" time="26.370" errors="0" timestamp="2026-03-26T16:12:55 IST" skipped="0">
  <testcase classname="TestRunner.Runner" name="runScenario" time="9.255"/>
  <testcase classname="TestRunner.Runner" name="runScenario" time="8.647"/>
  <testcase classname="TestRunner.Runner" name="runScenario" time="8.468"/>
</testsuite> <!-- TestRunner.Runner -->
