<?xml version="1.0" encoding="UTF-8"?>
<!-- Generated by org.testng.reporters.JUnitReportReporter -->
<testsuite hostname="Mehul" failures="0" tests="6" name="TestRunner.Runner1" time="59.768" errors="0" timestamp="2026-01-02T14:56:20 IST" skipped="0">
  <testcase classname="TestRunner.Runner1" name="runScenario" time="9.939"/>
  <testcase classname="TestRunner.Runner1" name="runScenario" time="12.069"/>
  <testcase classname="TestRunner.Runner1" name="runScenario" time="10.217"/>
  <testcase classname="TestRunner.Runner1" name="runScenario" time="8.070"/>
  <testcase classname="TestRunner.Runner1" name="runScenario" time="10.880"/>
  <testcase classname="TestRunner.Runner1" name="runScenario" time="8.593"/>
</testsuite> <!-- TestRunner.Runner1 -->
