<?xml version="1.0" encoding="UTF-8"?>
<!-- Generated by org.testng.reporters.JUnitXMLReporter -->
<testsuite ignored="0" hostname="Mehul" failures="2" tests="2" name="ChromeTest" time="24.165" errors="0" timestamp="2026-04-14T14:06:44 IST">
  <testcase classname="io.cucumber.testng.AbstractTestNGCucumberTests" name="runScenario" time="11.424">
    <failure type="java.lang.AssertionError" message="expected [Dashboard] but found [仪表盘]">
      <![CDATA[java.lang.AssertionError: expected [Dashboard] but found [仪表盘]
at stepDefinitions.LoginStep.user_navigate_to_the_dashboard(LoginStep.java:48)
at ✽.User navigate to the dashboard(file:///C:/Users/Mehul/Automation_WorkPlace_Dec_2025/ThreadLocalCucmberAutomation/src/test/resources/features/Login.feature:8)
... Removed 6 stack frames]]>
    </failure>
  </testcase> <!-- runScenario -->
  <testcase classname="io.cucumber.testng.AbstractTestNGCucumberTests" name="runScenario" time="10.635">
    <failure type="java.lang.AssertionError" message="expected [Dashboard] but found [仪表盘]">
      <![CDATA[java.lang.AssertionError: expected [Dashboard] but found [仪表盘]
at stepDefinitions.LoginStep.user_navigate_to_the_dashboard(LoginStep.java:48)
at ✽.User navigate to the dashboard(file:///C:/Users/Mehul/Automation_WorkPlace_Dec_2025/ThreadLocalCucmberAutomation/src/test/resources/features/Login.feature:14)
... Removed 6 stack frames]]>
    </failure>
  </testcase> <!-- runScenario -->
</testsuite> <!-- ChromeTest -->
